{"/home/dmitry-kazakov/projects/dk/file-generator/src/const.ts": {"path":"/home/dmitry-kazakov/projects/dk/file-generator/src/const.ts","statementMap":{"0":{"start":{"line":1,"column":0},"end":{"line":1,"column":26}},"1":{"start":{"line":3,"column":13},"end":{"line":3,"column":52}},"2":{"start":{"line":5,"column":13},"end":{"line":5,"column":52}}},"fnMap":{},"branchMap":{},"s":{"0":1,"1":1,"2":1},"f":{},"b":{}}
,"/home/dmitry-kazakov/projects/dk/file-generator/src/errors.ts": {"path":"/home/dmitry-kazakov/projects/dk/file-generator/src/errors.ts","statementMap":{"0":{"start":{"line":1,"column":13},"end":{"line":8,"column":11}}},"fnMap":{},"branchMap":{},"s":{"0":1},"f":{},"b":{}}
,"/home/dmitry-kazakov/projects/dk/file-generator/src/generateFiles.ts": {"path":"/home/dmitry-kazakov/projects/dk/file-generator/src/generateFiles.ts","statementMap":{"0":{"start":{"line":3,"column":0},"end":{"line":3,"column":26}},"1":{"start":{"line":4,"column":0},"end":{"line":4,"column":32}},"2":{"start":{"line":7,"column":0},"end":{"line":7,"column":37}},"3":{"start":{"line":8,"column":0},"end":{"line":8,"column":52}},"4":{"start":{"line":9,"column":0},"end":{"line":9,"column":47}},"5":{"start":{"line":10,"column":0},"end":{"line":10,"column":53}},"6":{"start":{"line":11,"column":0},"end":{"line":11,"column":57}},"7":{"start":{"line":12,"column":0},"end":{"line":12,"column":68}},"8":{"start":{"line":16,"column":18},"end":{"line":21,"column":2}},"9":{"start":{"line":24,"column":6},"end":{"line":24,"column":null}},"10":{"start":{"line":25,"column":8},"end":{"line":25,"column":null}},"11":{"start":{"line":26,"column":10},"end":{"line":26,"column":null}},"12":{"start":{"line":32,"column":2},"end":{"line":36,"column":null}},"13":{"start":{"line":33,"column":4},"end":{"line":33,"column":15}},"14":{"start":{"line":35,"column":4},"end":{"line":35,"column":11}},"15":{"start":{"line":38,"column":20},"end":{"line":38,"column":30}},"16":{"start":{"line":40,"column":2},"end":{"line":40,"column":13}},"17":{"start":{"line":42,"column":18},"end":{"line":42,"column":53}},"18":{"start":{"line":45,"column":2},"end":{"line":45,"column":100}},"19":{"start":{"line":49,"column":68},"end":{"line":49,"column":75}},"20":{"start":{"line":51,"column":41},"end":{"line":51,"column":43}},"21":{"start":{"line":53,"column":2},"end":{"line":63,"column":5}},"22":{"start":{"line":53,"column":27},"end":{"line":53,"column":29}},"23":{"start":{"line":53,"column":35},"end":{"line":53,"column":37}},"24":{"start":{"line":54,"column":4},"end":{"line":62,"column":7}},"25":{"start":{"line":58,"column":8},"end":{"line":60,"column":10}},"26":{"start":{"line":66,"column":2},"end":{"line":66,"column":97}},"27":{"start":{"line":66,"column":57},"end":{"line":66,"column":96}},"28":{"start":{"line":68,"column":2},"end":{"line":75,"column":null}},"29":{"start":{"line":69,"column":4},"end":{"line":74,"column":7}},"30":{"start":{"line":79,"column":20},"end":{"line":79,"column":30}},"31":{"start":{"line":81,"column":2},"end":{"line":81,"column":29}},"32":{"start":{"line":83,"column":18},"end":{"line":83,"column":53}},"33":{"start":{"line":85,"column":2},"end":{"line":88,"column":null}},"34":{"start":{"line":87,"column":4},"end":{"line":87,"column":78}},"35":{"start":{"line":90,"column":2},"end":{"line":92,"column":null}},"36":{"start":{"line":91,"column":4},"end":{"line":91,"column":34}},"37":{"start":{"line":78,"column":0},"end":{"line":78,"column":16}},"38":{"start":{"line":95,"column":24},"end":{"line":95,"column":66}},"39":{"start":{"line":98,"column":77},"end":{"line":98,"column":91}},"40":{"start":{"line":98,"column":15},"end":{"line":98,"column":17}},"41":{"start":{"line":98,"column":24},"end":{"line":98,"column":26}},"42":{"start":{"line":98,"column":34},"end":{"line":98,"column":36}},"43":{"start":{"line":98,"column":54},"end":{"line":98,"column":56}},"44":{"start":{"line":98,"column":72},"end":{"line":98,"column":77}},"45":{"start":{"line":101,"column":4},"end":{"line":101,"column":6}},"46":{"start":{"line":103,"column":16},"end":{"line":103,"column":62}},"47":{"start":{"line":105,"column":21},"end":{"line":105,"column":26}},"48":{"start":{"line":108,"column":4},"end":{"line":111,"column":43}},"49":{"start":{"line":115,"column":4},"end":{"line":157,"column":6}},"50":{"start":{"line":116,"column":6},"end":{"line":116,"column":31}},"51":{"start":{"line":116,"column":24},"end":{"line":116,"column":31}},"52":{"start":{"line":118,"column":6},"end":{"line":118,"column":75}},"53":{"start":{"line":120,"column":6},"end":{"line":120,"column":41}},"54":{"start":{"line":121,"column":6},"end":{"line":156,"column":34}},"55":{"start":{"line":122,"column":8},"end":{"line":122,"column":28}},"56":{"start":{"line":124,"column":27},"end":{"line":124,"column":80}},"57":{"start":{"line":124,"column":64},"end":{"line":124,"column":80}},"58":{"start":{"line":125,"column":8},"end":{"line":125,"column":100}},"59":{"start":{"line":125,"column":61},"end":{"line":125,"column":99}},"60":{"start":{"line":127,"column":8},"end":{"line":140,"column":null}},"61":{"start":{"line":128,"column":32},"end":{"line":136,"column":23}},"62":{"start":{"line":130,"column":36},"end":{"line":130,"column":78}},"63":{"start":{"line":132,"column":14},"end":{"line":134,"column":33}},"64":{"start":{"line":139,"column":10},"end":{"line":139,"column":75}},"65":{"start":{"line":142,"column":8},"end":{"line":155,"column":11}},"66":{"start":{"line":143,"column":10},"end":{"line":143,"column":22}},"67":{"start":{"line":145,"column":10},"end":{"line":145,"column":54}},"68":{"start":{"line":147,"column":10},"end":{"line":147,"column":23}},"69":{"start":{"line":149,"column":10},"end":{"line":149,"column":36}},"70":{"start":{"line":151,"column":10},"end":{"line":151,"column":67}},"71":{"start":{"line":152,"column":10},"end":{"line":152,"column":24}},"72":{"start":{"line":154,"column":10},"end":{"line":154,"column":31}},"73":{"start":{"line":160,"column":2},"end":{"line":160,"column":16}},"74":{"start":{"line":97,"column":0},"end":{"line":97,"column":16}}},"fnMap":{"0":{"name":"withMeasure","decl":{"start":{"line":23,"column":9},"end":{"line":23,"column":20}},"loc":{"start":{"line":31,"column":1},"end":{"line":46,"column":1}}},"1":{"name":"applyModifications","decl":{"start":{"line":48,"column":9},"end":{"line":48,"column":27}},"loc":{"start":{"line":48,"column":59},"end":{"line":76,"column":1}}},"2":{"name":"(anonymous_11)","decl":{"start":{"line":53,"column":18},"end":{"line":53,"column":19}},"loc":{"start":{"line":53,"column":37},"end":{"line":63,"column":3}}},"3":{"name":"(anonymous_12)","decl":{"start":{"line":57,"column":16},"end":{"line":57,"column":null}},"loc":{"start":{"line":57,"column":16},"end":{"line":61,"column":7}}},"4":{"name":"(anonymous_13)","decl":{"start":{"line":66,"column":39},"end":{"line":66,"column":40}},"loc":{"start":{"line":66,"column":52},"end":{"line":66,"column":70}}},"5":{"name":"generateFiles","decl":{"start":{"line":78,"column":16},"end":{"line":78,"column":29}},"loc":{"start":{"line":78,"column":61},"end":{"line":93,"column":1}}},"6":{"name":"generateFilesOnChange","decl":{"start":{"line":97,"column":16},"end":{"line":97,"column":37}},"loc":{"start":{"line":97,"column":70},"end":{"line":161,"column":1}}},"7":{"name":"addWatchers","decl":{"start":{"line":107,"column":11},"end":{"line":107,"column":22}},"loc":{"start":{"line":107,"column":22},"end":{"line":112,"column":3}}},"8":{"name":"fileChanged","decl":{"start":{"line":114,"column":11},"end":{"line":114,"column":22}},"loc":{"start":{"line":114,"column":35},"end":{"line":158,"column":3}}},"9":{"name":"(anonymous_18)","decl":{"start":{"line":115,"column":11},"end":{"line":115,"column":12}},"loc":{"start":{"line":115,"column":46},"end":{"line":157,"column":5}}},"10":{"name":"(anonymous_19)","decl":{"start":{"line":121,"column":40},"end":{"line":121,"column":null}},"loc":{"start":{"line":121,"column":40},"end":{"line":156,"column":7}}},"11":{"name":"(anonymous_20)","decl":{"start":{"line":124,"column":52},"end":{"line":124,"column":53}},"loc":{"start":{"line":124,"column":59},"end":{"line":124,"column":70}}},"12":{"name":"(anonymous_21)","decl":{"start":{"line":125,"column":43},"end":{"line":125,"column":44}},"loc":{"start":{"line":125,"column":56},"end":{"line":125,"column":73}}},"13":{"name":"(anonymous_22)","decl":{"start":{"line":129,"column":17},"end":{"line":129,"column":18}},"loc":{"start":{"line":129,"column":24},"end":{"line":135,"column":13}}},"14":{"name":"(anonymous_23)","decl":{"start":{"line":142,"column":34},"end":{"line":142,"column":null}},"loc":{"start":{"line":142,"column":34},"end":{"line":155,"column":9}}}},"branchMap":{"0":{"loc":{"start":{"line":32,"column":2},"end":{"line":36,"column":null}},"type":"if","locations":[{"start":{"line":32,"column":2},"end":{"line":36,"column":null}},{"start":{"line":32,"column":2},"end":{"line":36,"column":null}}]},"1":{"loc":{"start":{"line":68,"column":2},"end":{"line":75,"column":null}},"type":"if","locations":[{"start":{"line":68,"column":2},"end":{"line":75,"column":null}},{"start":{"line":68,"column":2},"end":{"line":75,"column":null}}]},"2":{"loc":{"start":{"line":85,"column":2},"end":{"line":88,"column":null}},"type":"if","locations":[{"start":{"line":85,"column":2},"end":{"line":88,"column":null}},{"start":{"line":85,"column":2},"end":{"line":88,"column":null}}]},"3":{"loc":{"start":{"line":90,"column":2},"end":{"line":92,"column":null}},"type":"if","locations":[{"start":{"line":90,"column":2},"end":{"line":92,"column":null}},{"start":{"line":90,"column":2},"end":{"line":92,"column":null}}]},"4":{"loc":{"start":{"line":116,"column":6},"end":{"line":116,"column":31}},"type":"if","locations":[{"start":{"line":116,"column":6},"end":{"line":116,"column":31}},{"start":{"line":116,"column":6},"end":{"line":116,"column":31}}]},"5":{"loc":{"start":{"line":118,"column":57},"end":{"line":118,"column":71}},"type":"cond-expr","locations":[{"start":{"line":118,"column":62},"end":{"line":118,"column":64}},{"start":{"line":118,"column":57},"end":{"line":118,"column":71}}]},"6":{"loc":{"start":{"line":118,"column":57},"end":{"line":118,"column":64}},"type":"binary-expr","locations":[{"start":{"line":118,"column":57},"end":{"line":118,"column":64}},{"start":{"line":118,"column":57},"end":{"line":118,"column":64}}]},"7":{"loc":{"start":{"line":127,"column":8},"end":{"line":140,"column":null}},"type":"if","locations":[{"start":{"line":127,"column":8},"end":{"line":140,"column":null}},{"start":{"line":127,"column":8},"end":{"line":140,"column":null}}]},"8":{"loc":{"start":{"line":133,"column":16},"end":{"line":133,"column":68}},"type":"cond-expr","locations":[{"start":{"line":133,"column":31},"end":{"line":133,"column":63}},{"start":{"line":133,"column":66},"end":{"line":133,"column":68}}]},"9":{"loc":{"start":{"line":143,"column":10},"end":{"line":143,"column":21}},"type":"cond-expr","locations":[{"start":{"line":143,"column":17},"end":{"line":143,"column":21}},{"start":{"line":143,"column":10},"end":{"line":143,"column":21}}]},"10":{"loc":{"start":{"line":143,"column":10},"end":{"line":143,"column":21}},"type":"binary-expr","locations":[{"start":{"line":143,"column":10},"end":{"line":143,"column":21}},{"start":{"line":143,"column":10},"end":{"line":143,"column":21}}]},"11":{"loc":{"start":{"line":147,"column":10},"end":{"line":147,"column":22}},"type":"cond-expr","locations":[{"start":{"line":147,"column":18},"end":{"line":147,"column":22}},{"start":{"line":147,"column":10},"end":{"line":147,"column":22}}]},"12":{"loc":{"start":{"line":147,"column":10},"end":{"line":147,"column":22}},"type":"binary-expr","locations":[{"start":{"line":147,"column":10},"end":{"line":147,"column":22}},{"start":{"line":147,"column":10},"end":{"line":147,"column":22}}]},"13":{"loc":{"start":{"line":156,"column":9},"end":{"line":156,"column":32}},"type":"binary-expr","locations":[{"start":{"line":156,"column":9},"end":{"line":156,"column":27}},{"start":{"line":156,"column":31},"end":{"line":156,"column":32}}]}},"s":{"0":1,"1":1,"2":1,"3":1,"4":1,"5":1,"6":1,"7":1,"8":1,"9":2,"10":2,"11":2,"12":2,"13":0,"14":0,"15":2,"16":2,"17":2,"18":2,"19":8,"20":2,"21":2,"22":2,"23":2,"24":2,"25":2,"26":2,"27":2,"28":2,"29":1,"30":1,"31":1,"32":1,"33":1,"34":1,"35":1,"36":0,"37":1,"38":1,"39":0,"40":0,"41":0,"42":0,"43":0,"44":0,"45":0,"46":0,"47":0,"48":0,"49":0,"50":0,"51":0,"52":0,"53":0,"54":0,"55":0,"56":0,"57":0,"58":0,"59":0,"60":0,"61":0,"62":0,"63":0,"64":0,"65":0,"66":0,"67":0,"68":0,"69":0,"70":0,"71":0,"72":0,"73":0,"74":1},"f":{"0":2,"1":2,"2":2,"3":2,"4":2,"5":1,"6":0,"7":0,"8":0,"9":0,"10":0,"11":0,"12":0,"13":0,"14":0},"b":{"0":[0,2],"1":[1,1],"2":[1,0],"3":[0,1],"4":[0,0],"5":[0,0],"6":[0,0],"7":[0,0],"8":[0,0],"9":[0,0],"10":[0,0],"11":[0,0],"12":[0,0],"13":[0,0]}}
,"/home/dmitry-kazakov/projects/dk/file-generator/src/plugins/reexport/createPackageFile.ts": {"path":"/home/dmitry-kazakov/projects/dk/file-generator/src/plugins/reexport/createPackageFile.ts","statementMap":{"0":{"start":{"line":1,"column":0},"end":{"line":1,"column":24}},"1":{"start":{"line":4,"column":0},"end":{"line":4,"column":48}},"2":{"start":{"line":7,"column":8},"end":{"line":7,"column":null}},"3":{"start":{"line":8,"column":18},"end":{"line":8,"column":null}},"4":{"start":{"line":13,"column":2},"end":{"line":20,"column":5}},"5":{"start":{"line":6,"column":0},"end":{"line":6,"column":16}}},"fnMap":{"0":{"name":"createPackageFile","decl":{"start":{"line":6,"column":16},"end":{"line":6,"column":33}},"loc":{"start":{"line":12,"column":1},"end":{"line":21,"column":1}}}},"branchMap":{},"s":{"0":1,"1":1,"2":9,"3":9,"4":9,"5":1},"f":{"0":9},"b":{}}
,"/home/dmitry-kazakov/projects/dk/file-generator/src/plugins/reexport/generateReexport.ts": {"path":"/home/dmitry-kazakov/projects/dk/file-generator/src/plugins/reexport/generateReexport.ts","statementMap":{"0":{"start":{"line":1,"column":0},"end":{"line":1,"column":24}},"1":{"start":{"line":3,"column":0},"end":{"line":3,"column":26}},"2":{"start":{"line":5,"column":0},"end":{"line":5,"column":48}},"3":{"start":{"line":6,"column":0},"end":{"line":6,"column":41}},"4":{"start":{"line":7,"column":0},"end":{"line":7,"column":70}},"5":{"start":{"line":8,"column":0},"end":{"line":8,"column":70}},"6":{"start":{"line":11,"column":0},"end":{"line":11,"column":56}},"7":{"start":{"line":14,"column":13},"end":{"line":14,"column":37}},"8":{"start":{"line":16,"column":29},"end":{"line":16,"column":79}},"9":{"start":{"line":18,"column":80},"end":{"line":98,"column":1}},"10":{"start":{"line":19,"column":33},"end":{"line":19,"column":40}},"11":{"start":{"line":27,"column":17},"end":{"line":31,"column":19}},"12":{"start":{"line":28,"column":36},"end":{"line":28,"column":38}},"13":{"start":{"line":29,"column":8},"end":{"line":29,"column":null}},"14":{"start":{"line":29,"column":40},"end":{"line":29,"column":66}},"15":{"start":{"line":33,"column":2},"end":{"line":33,"column":32}},"16":{"start":{"line":33,"column":22},"end":{"line":33,"column":32}},"17":{"start":{"line":35,"column":2},"end":{"line":35,"column":69}},"18":{"start":{"line":35,"column":51},"end":{"line":35,"column":53}},"19":{"start":{"line":35,"column":58},"end":{"line":35,"column":65}},"20":{"start":{"line":37,"column":43},"end":{"line":37,"column":45}},"21":{"start":{"line":39,"column":2},"end":{"line":95,"column":4}},"22":{"start":{"line":41,"column":12},"end":{"line":41,"column":null}},"23":{"start":{"line":42,"column":20},"end":{"line":42,"column":null}},"24":{"start":{"line":43,"column":22},"end":{"line":43,"column":null}},"25":{"start":{"line":44,"column":20},"end":{"line":44,"column":null}},"26":{"start":{"line":45,"column":25},"end":{"line":45,"column":null}},"27":{"start":{"line":46,"column":20},"end":{"line":46,"column":null}},"28":{"start":{"line":48,"column":35},"end":{"line":48,"column":54}},"29":{"start":{"line":50,"column":31},"end":{"line":50,"column":63}},"30":{"start":{"line":51,"column":31},"end":{"line":51,"column":69}},"31":{"start":{"line":52,"column":28},"end":{"line":56,"column":14}},"32":{"start":{"line":57,"column":29},"end":{"line":57,"column":87}},"33":{"start":{"line":57,"column":61},"end":{"line":57,"column":87}},"34":{"start":{"line":59,"column":20},"end":{"line":59,"column":40}},"35":{"start":{"line":61,"column":6},"end":{"line":63,"column":9}},"36":{"start":{"line":62,"column":8},"end":{"line":62,"column":85}},"37":{"start":{"line":65,"column":6},"end":{"line":65,"column":72}},"38":{"start":{"line":67,"column":33},"end":{"line":67,"column":80}},"39":{"start":{"line":69,"column":6},"end":{"line":80,"column":null}},"40":{"start":{"line":70,"column":8},"end":{"line":70,"column":65}},"41":{"start":{"line":72,"column":8},"end":{"line":79,"column":null}},"42":{"start":{"line":74,"column":10},"end":{"line":78,"column":12}},"43":{"start":{"line":82,"column":34},"end":{"line":82,"column":83}},"44":{"start":{"line":84,"column":6},"end":{"line":93,"column":null}},"45":{"start":{"line":85,"column":8},"end":{"line":85,"column":45}},"46":{"start":{"line":87,"column":8},"end":{"line":92,"column":null}},"47":{"start":{"line":89,"column":10},"end":{"line":91,"column":12}},"48":{"start":{"line":97,"column":2},"end":{"line":97,"column":23}},"49":{"start":{"line":18,"column":13},"end":{"line":18,"column":80}}},"fnMap":{"0":{"name":"(anonymous_1)","decl":{"start":{"line":18,"column":80},"end":{"line":18,"column":81}},"loc":{"start":{"line":18,"column":87},"end":{"line":98,"column":1}}},"1":{"name":"(anonymous_2)","decl":{"start":{"line":28,"column":27},"end":{"line":28,"column":28}},"loc":{"start":{"line":28,"column":38},"end":{"line":29,"column":20}}},"2":{"name":"(anonymous_3)","decl":{"start":{"line":29,"column":26},"end":{"line":29,"column":27}},"loc":{"start":{"line":29,"column":35},"end":{"line":29,"column":48}}},"3":{"name":"(anonymous_4)","decl":{"start":{"line":35,"column":42},"end":{"line":35,"column":43}},"loc":{"start":{"line":35,"column":53},"end":{"line":35,"column":64}}},"4":{"name":"(anonymous_5)","decl":{"start":{"line":40,"column":4},"end":{"line":40,"column":5}},"loc":{"start":{"line":47,"column":5},"end":{"line":94,"column":5}}},"5":{"name":"(anonymous_6)","decl":{"start":{"line":57,"column":47},"end":{"line":57,"column":48}},"loc":{"start":{"line":57,"column":56},"end":{"line":57,"column":65}}},"6":{"name":"(anonymous_7)","decl":{"start":{"line":61,"column":29},"end":{"line":61,"column":30}},"loc":{"start":{"line":61,"column":50},"end":{"line":63,"column":7}}}},"branchMap":{"0":{"loc":{"start":{"line":27,"column":17},"end":{"line":31,"column":19}},"type":"cond-expr","locations":[{"start":{"line":28,"column":6},"end":{"line":29,"column":null}},{"start":{"line":31,"column":6},"end":{"line":31,"column":19}}]},"1":{"loc":{"start":{"line":33,"column":2},"end":{"line":33,"column":32}},"type":"if","locations":[{"start":{"line":33,"column":2},"end":{"line":33,"column":32}},{"start":{"line":33,"column":2},"end":{"line":33,"column":32}}]},"2":{"loc":{"start":{"line":59,"column":20},"end":{"line":59,"column":40}},"type":"binary-expr","locations":[{"start":{"line":59,"column":20},"end":{"line":59,"column":34}},{"start":{"line":59,"column":38},"end":{"line":59,"column":40}}]},"3":{"loc":{"start":{"line":65,"column":17},"end":{"line":65,"column":71}},"type":"binary-expr","locations":[{"start":{"line":65,"column":17},"end":{"line":65,"column":65}},{"start":{"line":65,"column":69},"end":{"line":65,"column":71}}]},"4":{"loc":{"start":{"line":65,"column":17},"end":{"line":65,"column":65}},"type":"cond-expr","locations":[{"start":{"line":65,"column":31},"end":{"line":65,"column":34}},{"start":{"line":65,"column":17},"end":{"line":65,"column":65}}]},"5":{"loc":{"start":{"line":65,"column":17},"end":{"line":65,"column":34}},"type":"binary-expr","locations":[{"start":{"line":65,"column":17},"end":{"line":65,"column":34}},{"start":{"line":65,"column":17},"end":{"line":65,"column":34}}]},"6":{"loc":{"start":{"line":69,"column":6},"end":{"line":80,"column":null}},"type":"if","locations":[{"start":{"line":69,"column":6},"end":{"line":80,"column":null}},{"start":{"line":69,"column":6},"end":{"line":80,"column":null}}]},"7":{"loc":{"start":{"line":72,"column":8},"end":{"line":79,"column":null}},"type":"if","locations":[{"start":{"line":72,"column":8},"end":{"line":79,"column":null}},{"start":{"line":72,"column":8},"end":{"line":79,"column":null}}]},"8":{"loc":{"start":{"line":84,"column":6},"end":{"line":93,"column":null}},"type":"if","locations":[{"start":{"line":84,"column":6},"end":{"line":93,"column":null}},{"start":{"line":84,"column":6},"end":{"line":93,"column":null}}]},"9":{"loc":{"start":{"line":87,"column":8},"end":{"line":92,"column":null}},"type":"if","locations":[{"start":{"line":87,"column":8},"end":{"line":92,"column":null}},{"start":{"line":87,"column":8},"end":{"line":92,"column":null}}]}},"s":{"0":1,"1":1,"2":1,"3":1,"4":1,"5":1,"6":1,"7":1,"8":1,"9":1,"10":16,"11":8,"12":3,"13":3,"14":2,"15":8,"16":1,"17":7,"18":7,"19":7,"20":7,"21":7,"22":7,"23":7,"24":7,"25":7,"26":7,"27":7,"28":7,"29":7,"30":7,"31":7,"32":7,"33":24,"34":7,"35":7,"36":24,"37":7,"38":7,"39":7,"40":6,"41":6,"42":2,"43":7,"44":7,"45":6,"46":6,"47":2,"48":7,"49":1},"f":{"0":8,"1":3,"2":2,"3":7,"4":7,"5":24,"6":24},"b":{"0":[3,5],"1":[1,7],"2":[7,6],"3":[7,6],"4":[6,1],"5":[7,7],"6":[6,1],"7":[2,4],"8":[6,1],"9":[2,4]}}
,"/home/dmitry-kazakov/projects/dk/file-generator/src/plugins/reexport/index.ts": {"path":"/home/dmitry-kazakov/projects/dk/file-generator/src/plugins/reexport/index.ts","statementMap":{"0":{"start":{"line":1,"column":0},"end":{"line":1,"column":9}},"1":{"start":{"line":1,"column":9},"end":{"line":1,"column":27}},"2":{"start":{"line":1,"column":27},"end":{"line":1,"column":66}}},"fnMap":{"0":{"name":"(anonymous_0)","decl":{"start":{"line":1,"column":9},"end":{"line":1,"column":25}},"loc":{"start":{"line":1,"column":9},"end":{"line":1,"column":27}}},"1":{"name":"(anonymous_1)","decl":{"start":{"line":1,"column":27},"end":{"line":1,"column":37}},"loc":{"start":{"line":1,"column":27},"end":{"line":1,"column":66}}}},"branchMap":{},"s":{"0":1,"1":8,"2":2},"f":{"0":7,"1":1},"b":{}}
,"/home/dmitry-kazakov/projects/dk/file-generator/src/plugins/reexport-modular/generateReexportModular.ts": {"path":"/home/dmitry-kazakov/projects/dk/file-generator/src/plugins/reexport-modular/generateReexportModular.ts","statementMap":{"0":{"start":{"line":1,"column":0},"end":{"line":1,"column":24}},"1":{"start":{"line":3,"column":0},"end":{"line":3,"column":26}},"2":{"start":{"line":5,"column":0},"end":{"line":5,"column":48}},"3":{"start":{"line":6,"column":0},"end":{"line":6,"column":41}},"4":{"start":{"line":7,"column":0},"end":{"line":7,"column":70}},"5":{"start":{"line":9,"column":0},"end":{"line":9,"column":70}},"6":{"start":{"line":11,"column":0},"end":{"line":11,"column":62}},"7":{"start":{"line":14,"column":13},"end":{"line":14,"column":45}},"8":{"start":{"line":16,"column":29},"end":{"line":16,"column":79}},"9":{"start":{"line":18,"column":94},"end":{"line":86,"column":1}},"10":{"start":{"line":21,"column":33},"end":{"line":21,"column":40}},"11":{"start":{"line":29,"column":17},"end":{"line":33,"column":19}},"12":{"start":{"line":30,"column":36},"end":{"line":30,"column":38}},"13":{"start":{"line":31,"column":8},"end":{"line":31,"column":null}},"14":{"start":{"line":31,"column":40},"end":{"line":31,"column":66}},"15":{"start":{"line":35,"column":2},"end":{"line":35,"column":32}},"16":{"start":{"line":35,"column":22},"end":{"line":35,"column":32}},"17":{"start":{"line":37,"column":2},"end":{"line":37,"column":69}},"18":{"start":{"line":37,"column":51},"end":{"line":37,"column":53}},"19":{"start":{"line":37,"column":58},"end":{"line":37,"column":65}},"20":{"start":{"line":39,"column":43},"end":{"line":39,"column":45}},"21":{"start":{"line":41,"column":2},"end":{"line":83,"column":4}},"22":{"start":{"line":43,"column":12},"end":{"line":43,"column":null}},"23":{"start":{"line":44,"column":16},"end":{"line":44,"column":null}},"24":{"start":{"line":45,"column":20},"end":{"line":45,"column":null}},"25":{"start":{"line":46,"column":20},"end":{"line":46,"column":null}},"26":{"start":{"line":47,"column":20},"end":{"line":47,"column":null}},"27":{"start":{"line":48,"column":25},"end":{"line":48,"column":null}},"28":{"start":{"line":49,"column":27},"end":{"line":49,"column":null}},"29":{"start":{"line":51,"column":28},"end":{"line":51,"column":95}},"30":{"start":{"line":53,"column":32},"end":{"line":53,"column":94}},"31":{"start":{"line":55,"column":20},"end":{"line":55,"column":40}},"32":{"start":{"line":57,"column":6},"end":{"line":68,"column":9}},"33":{"start":{"line":57,"column":54},"end":{"line":57,"column":56}},"34":{"start":{"line":57,"column":66},"end":{"line":57,"column":68}},"35":{"start":{"line":58,"column":33},"end":{"line":58,"column":59}},"36":{"start":{"line":59,"column":38},"end":{"line":61,"column":null}},"37":{"start":{"line":63,"column":29},"end":{"line":65,"column":30}},"38":{"start":{"line":67,"column":8},"end":{"line":67,"column":64}},"39":{"start":{"line":70,"column":6},"end":{"line":70,"column":55}},"40":{"start":{"line":72,"column":34},"end":{"line":72,"column":77}},"41":{"start":{"line":74,"column":6},"end":{"line":81,"column":null}},"42":{"start":{"line":75,"column":8},"end":{"line":75,"column":39}},"43":{"start":{"line":77,"column":8},"end":{"line":80,"column":null}},"44":{"start":{"line":79,"column":10},"end":{"line":79,"column":98}},"45":{"start":{"line":85,"column":2},"end":{"line":85,"column":23}},"46":{"start":{"line":18,"column":13},"end":{"line":18,"column":94}}},"fnMap":{"0":{"name":"(anonymous_1)","decl":{"start":{"line":18,"column":94},"end":{"line":18,"column":null}},"loc":{"start":{"line":19,"column":8},"end":{"line":86,"column":1}}},"1":{"name":"(anonymous_2)","decl":{"start":{"line":30,"column":27},"end":{"line":30,"column":28}},"loc":{"start":{"line":30,"column":38},"end":{"line":31,"column":20}}},"2":{"name":"(anonymous_3)","decl":{"start":{"line":31,"column":26},"end":{"line":31,"column":27}},"loc":{"start":{"line":31,"column":35},"end":{"line":31,"column":48}}},"3":{"name":"(anonymous_4)","decl":{"start":{"line":37,"column":42},"end":{"line":37,"column":43}},"loc":{"start":{"line":37,"column":53},"end":{"line":37,"column":64}}},"4":{"name":"(anonymous_5)","decl":{"start":{"line":42,"column":4},"end":{"line":42,"column":5}},"loc":{"start":{"line":50,"column":5},"end":{"line":82,"column":5}}},"5":{"name":"(anonymous_6)","decl":{"start":{"line":57,"column":32},"end":{"line":57,"column":33}},"loc":{"start":{"line":57,"column":68},"end":{"line":68,"column":7}}}},"branchMap":{"0":{"loc":{"start":{"line":29,"column":17},"end":{"line":33,"column":19}},"type":"cond-expr","locations":[{"start":{"line":30,"column":6},"end":{"line":31,"column":null}},{"start":{"line":33,"column":6},"end":{"line":33,"column":19}}]},"1":{"loc":{"start":{"line":35,"column":2},"end":{"line":35,"column":32}},"type":"if","locations":[{"start":{"line":35,"column":2},"end":{"line":35,"column":32}},{"start":{"line":35,"column":2},"end":{"line":35,"column":32}}]},"2":{"loc":{"start":{"line":55,"column":20},"end":{"line":55,"column":40}},"type":"binary-expr","locations":[{"start":{"line":55,"column":20},"end":{"line":55,"column":34}},{"start":{"line":55,"column":38},"end":{"line":55,"column":40}}]},"3":{"loc":{"start":{"line":74,"column":6},"end":{"line":81,"column":null}},"type":"if","locations":[{"start":{"line":74,"column":6},"end":{"line":81,"column":null}},{"start":{"line":74,"column":6},"end":{"line":81,"column":null}}]},"4":{"loc":{"start":{"line":77,"column":8},"end":{"line":80,"column":null}},"type":"if","locations":[{"start":{"line":77,"column":8},"end":{"line":80,"column":null}},{"start":{"line":77,"column":8},"end":{"line":80,"column":null}}]}},"s":{"0":1,"1":1,"2":1,"3":1,"4":1,"5":1,"6":1,"7":1,"8":1,"9":1,"10":14,"11":7,"12":2,"13":2,"14":1,"15":7,"16":1,"17":6,"18":6,"19":6,"20":6,"21":6,"22":6,"23":6,"24":6,"25":6,"26":6,"27":6,"28":6,"29":6,"30":6,"31":6,"32":6,"33":10,"34":10,"35":10,"36":10,"37":10,"38":10,"39":6,"40":6,"41":6,"42":6,"43":6,"44":1,"45":6,"46":1},"f":{"0":7,"1":2,"2":1,"3":6,"4":6,"5":10},"b":{"0":[2,5],"1":[1,6],"2":[6,2],"3":[6,0],"4":[1,5]}}
,"/home/dmitry-kazakov/projects/dk/file-generator/src/plugins/reexport-modular/getSubFoldersOrFiles.ts": {"path":"/home/dmitry-kazakov/projects/dk/file-generator/src/plugins/reexport-modular/getSubFoldersOrFiles.ts","statementMap":{"0":{"start":{"line":1,"column":0},"end":{"line":1,"column":24}},"1":{"start":{"line":2,"column":0},"end":{"line":2,"column":20}},"2":{"start":{"line":9,"column":15},"end":{"line":9,"column":null}},"3":{"start":{"line":10,"column":23},"end":{"line":10,"column":null}},"4":{"start":{"line":15,"column":2},"end":{"line":24,"column":39}},"5":{"start":{"line":16,"column":32},"end":{"line":16,"column":78}},"6":{"start":{"line":17,"column":23},"end":{"line":17,"column":49}},"7":{"start":{"line":19,"column":4},"end":{"line":21,"column":null}},"8":{"start":{"line":20,"column":6},"end":{"line":20,"column":59}},"9":{"start":{"line":23,"column":4},"end":{"line":23,"column":22}},"10":{"start":{"line":8,"column":0},"end":{"line":8,"column":16}}},"fnMap":{"0":{"name":"getSubFoldersOrFiles","decl":{"start":{"line":8,"column":16},"end":{"line":8,"column":36}},"loc":{"start":{"line":14,"column":1},"end":{"line":25,"column":1}}},"1":{"name":"(anonymous_2)","decl":{"start":{"line":15,"column":30},"end":{"line":15,"column":31}},"loc":{"start":{"line":15,"column":52},"end":{"line":24,"column":3}}}},"branchMap":{"0":{"loc":{"start":{"line":19,"column":4},"end":{"line":21,"column":null}},"type":"if","locations":[{"start":{"line":19,"column":4},"end":{"line":21,"column":null}},{"start":{"line":19,"column":4},"end":{"line":21,"column":null}}]}},"s":{"0":1,"1":1,"2":8,"3":8,"4":8,"5":38,"6":38,"7":38,"8":12,"9":38,"10":1},"f":{"0":8,"1":38},"b":{"0":[12,26]}}
,"/home/dmitry-kazakov/projects/dk/file-generator/src/plugins/reexport-modular/index.ts": {"path":"/home/dmitry-kazakov/projects/dk/file-generator/src/plugins/reexport-modular/index.ts","statementMap":{"0":{"start":{"line":1,"column":0},"end":{"line":1,"column":9}},"1":{"start":{"line":1,"column":9},"end":{"line":1,"column":34}},"2":{"start":{"line":1,"column":34},"end":{"line":1,"column":80}}},"fnMap":{"0":{"name":"(anonymous_0)","decl":{"start":{"line":1,"column":9},"end":{"line":1,"column":32}},"loc":{"start":{"line":1,"column":9},"end":{"line":1,"column":34}}},"1":{"name":"(anonymous_1)","decl":{"start":{"line":1,"column":34},"end":{"line":1,"column":44}},"loc":{"start":{"line":1,"column":34},"end":{"line":1,"column":80}}}},"branchMap":{},"s":{"0":1,"1":9,"2":2},"f":{"0":8,"1":1},"b":{}}
,"/home/dmitry-kazakov/projects/dk/file-generator/src/plugins/theme/compareByMatrix.ts": {"path":"/home/dmitry-kazakov/projects/dk/file-generator/src/plugins/theme/compareByMatrix.ts","statementMap":{"0":{"start":{"line":1,"column":0},"end":{"line":1,"column":38}},"1":{"start":{"line":2,"column":0},"end":{"line":2,"column":62}},"2":{"start":{"line":8,"column":9},"end":{"line":8,"column":null}},"3":{"start":{"line":9,"column":8},"end":{"line":9,"column":null}},"4":{"start":{"line":14,"column":2},"end":{"line":30,"column":5}},"5":{"start":{"line":14,"column":29},"end":{"line":14,"column":31}},"6":{"start":{"line":14,"column":42},"end":{"line":14,"column":43}},"7":{"start":{"line":15,"column":59},"end":{"line":15,"column":78}},"8":{"start":{"line":15,"column":37},"end":{"line":15,"column":45}},"9":{"start":{"line":15,"column":54},"end":{"line":15,"column":59}},"10":{"start":{"line":16,"column":61},"end":{"line":16,"column":81}},"11":{"start":{"line":16,"column":38},"end":{"line":16,"column":46}},"12":{"start":{"line":16,"column":56},"end":{"line":16,"column":61}},"13":{"start":{"line":18,"column":22},"end":{"line":18,"column":58}},"14":{"start":{"line":18,"column":47},"end":{"line":18,"column":49}},"15":{"start":{"line":18,"column":54},"end":{"line":18,"column":58}},"16":{"start":{"line":19,"column":23},"end":{"line":19,"column":60}},"17":{"start":{"line":19,"column":49},"end":{"line":19,"column":51}},"18":{"start":{"line":19,"column":56},"end":{"line":19,"column":60}},"19":{"start":{"line":21,"column":17},"end":{"line":21,"column":55}},"20":{"start":{"line":23,"column":4},"end":{"line":29,"column":null}},"21":{"start":{"line":24,"column":6},"end":{"line":28,"column":8}},"22":{"start":{"line":7,"column":0},"end":{"line":7,"column":16}}},"fnMap":{"0":{"name":"compareByMatrix","decl":{"start":{"line":7,"column":16},"end":{"line":7,"column":31}},"loc":{"start":{"line":13,"column":1},"end":{"line":31,"column":1}}},"1":{"name":"(anonymous_1)","decl":{"start":{"line":14,"column":17},"end":{"line":14,"column":18}},"loc":{"start":{"line":14,"column":43},"end":{"line":30,"column":3}}},"2":{"name":"(anonymous_2)","decl":{"start":{"line":18,"column":41},"end":{"line":18,"column":42}},"loc":{"start":{"line":18,"column":49},"end":{"line":18,"column":57}}},"3":{"name":"(anonymous_3)","decl":{"start":{"line":19,"column":43},"end":{"line":19,"column":44}},"loc":{"start":{"line":19,"column":51},"end":{"line":19,"column":59}}}},"branchMap":{"0":{"loc":{"start":{"line":23,"column":4},"end":{"line":29,"column":null}},"type":"if","locations":[{"start":{"line":23,"column":4},"end":{"line":29,"column":null}},{"start":{"line":23,"column":4},"end":{"line":29,"column":null}}]}},"s":{"0":1,"1":1,"2":7,"3":7,"4":7,"5":10,"6":10,"7":10,"8":10,"9":10,"10":10,"11":10,"12":10,"13":10,"14":20,"15":20,"16":10,"17":20,"18":20,"19":10,"20":10,"21":2,"22":1},"f":{"0":7,"1":10,"2":20,"3":20},"b":{"0":[2,8]}}
,"/home/dmitry-kazakov/projects/dk/file-generator/src/plugins/theme/convertCssToJs.ts": {"path":"/home/dmitry-kazakov/projects/dk/file-generator/src/plugins/theme/convertCssToJs.ts","statementMap":{"0":{"start":{"line":1,"column":0},"end":{"line":1,"column":80}},"1":{"start":{"line":4,"column":0},"end":{"line":4,"column":52}},"2":{"start":{"line":5,"column":0},"end":{"line":5,"column":52}},"3":{"start":{"line":6,"column":0},"end":{"line":6,"column":66}},"4":{"start":{"line":9,"column":17},"end":{"line":9,"column":53}},"5":{"start":{"line":10,"column":18},"end":{"line":10,"column":45}},"6":{"start":{"line":11,"column":17},"end":{"line":11,"column":50}},"7":{"start":{"line":13,"column":2},"end":{"line":13,"column":39}},"8":{"start":{"line":15,"column":2},"end":{"line":23,"column":23}},"9":{"start":{"line":15,"column":41},"end":{"line":15,"column":43}},"10":{"start":{"line":15,"column":52},"end":{"line":15,"column":54}},"11":{"start":{"line":16,"column":4},"end":{"line":20,"column":40}},"12":{"start":{"line":16,"column":50},"end":{"line":16,"column":52}},"13":{"start":{"line":16,"column":57},"end":{"line":16,"column":59}},"14":{"start":{"line":17,"column":6},"end":{"line":17,"column":24}},"15":{"start":{"line":19,"column":6},"end":{"line":19,"column":18}},"16":{"start":{"line":22,"column":4},"end":{"line":22,"column":20}},"17":{"start":{"line":8,"column":0},"end":{"line":8,"column":16}}},"fnMap":{"0":{"name":"convertCssToJs","decl":{"start":{"line":8,"column":16},"end":{"line":8,"column":30}},"loc":{"start":{"line":8,"column":47},"end":{"line":24,"column":1}}},"1":{"name":"(anonymous_1)","decl":{"start":{"line":15,"column":24},"end":{"line":15,"column":25}},"loc":{"start":{"line":15,"column":54},"end":{"line":23,"column":3}}},"2":{"name":"(anonymous_2)","decl":{"start":{"line":16,"column":38},"end":{"line":16,"column":39}},"loc":{"start":{"line":16,"column":59},"end":{"line":20,"column":5}}}},"branchMap":{},"s":{"0":1,"1":1,"2":1,"3":1,"4":8,"5":7,"6":4,"7":4,"8":4,"9":9,"10":9,"11":9,"12":18,"13":18,"14":18,"15":18,"16":9,"17":1},"f":{"0":8,"1":9,"2":18},"b":{}}
,"/home/dmitry-kazakov/projects/dk/file-generator/src/plugins/theme/generateConfigs.ts": {"path":"/home/dmitry-kazakov/projects/dk/file-generator/src/plugins/theme/generateConfigs.ts","statementMap":{"0":{"start":{"line":1,"column":0},"end":{"line":1,"column":38}},"1":{"start":{"line":5,"column":23},"end":{"line":5,"column":44}},"2":{"start":{"line":6,"column":28},"end":{"line":6,"column":47}},"3":{"start":{"line":8,"column":40},"end":{"line":8,"column":72}},"4":{"start":{"line":9,"column":2},"end":{"line":37,"column":5}},"5":{"start":{"line":10,"column":17},"end":{"line":10,"column":49}},"6":{"start":{"line":12,"column":4},"end":{"line":16,"column":null}},"7":{"start":{"line":13,"column":6},"end":{"line":15,"column":8}},"8":{"start":{"line":18,"column":27},"end":{"line":18,"column":59}},"9":{"start":{"line":20,"column":4},"end":{"line":24,"column":null}},"10":{"start":{"line":21,"column":6},"end":{"line":23,"column":8}},"11":{"start":{"line":26,"column":22},"end":{"line":34,"column":6}},"12":{"start":{"line":27,"column":27},"end":{"line":27,"column":75}},"13":{"start":{"line":27,"column":64},"end":{"line":27,"column":75}},"14":{"start":{"line":27,"column":16},"end":{"line":27,"column":18}},"15":{"start":{"line":27,"column":23},"end":{"line":27,"column":27}},"16":{"start":{"line":29,"column":6},"end":{"line":31,"column":null}},"17":{"start":{"line":30,"column":8},"end":{"line":30,"column":88}},"18":{"start":{"line":33,"column":6},"end":{"line":33,"column":28}},"19":{"start":{"line":36,"column":4},"end":{"line":36,"column":31}},"20":{"start":{"line":8,"column":0},"end":{"line":8,"column":16}}},"fnMap":{"0":{"name":"generateConfigs","decl":{"start":{"line":8,"column":16},"end":{"line":8,"column":31}},"loc":{"start":{"line":8,"column":72},"end":{"line":38,"column":1}}},"1":{"name":"(anonymous_1)","decl":{"start":{"line":9,"column":20},"end":{"line":9,"column":21}},"loc":{"start":{"line":9,"column":26},"end":{"line":37,"column":3}}},"2":{"name":"(anonymous_2)","decl":{"start":{"line":26,"column":41},"end":{"line":26,"column":42}},"loc":{"start":{"line":26,"column":54},"end":{"line":34,"column":5}}},"3":{"name":"(anonymous_3)","decl":{"start":{"line":27,"column":55},"end":{"line":27,"column":56}},"loc":{"start":{"line":27,"column":59},"end":{"line":27,"column":67}}}},"branchMap":{"0":{"loc":{"start":{"line":10,"column":17},"end":{"line":10,"column":49}},"type":"cond-expr","locations":[{"start":{"line":10,"column":44},"end":{"line":10,"column":47}},{"start":{"line":10,"column":44},"end":{"line":10,"column":49}}]},"1":{"loc":{"start":{"line":10,"column":17},"end":{"line":10,"column":47}},"type":"binary-expr","locations":[{"start":{"line":10,"column":17},"end":{"line":10,"column":47}},{"start":{"line":10,"column":44},"end":{"line":10,"column":47}}]},"2":{"loc":{"start":{"line":12,"column":4},"end":{"line":16,"column":null}},"type":"if","locations":[{"start":{"line":12,"column":4},"end":{"line":16,"column":null}},{"start":{"line":12,"column":4},"end":{"line":16,"column":null}}]},"3":{"loc":{"start":{"line":20,"column":4},"end":{"line":24,"column":null}},"type":"if","locations":[{"start":{"line":20,"column":4},"end":{"line":24,"column":null}},{"start":{"line":20,"column":4},"end":{"line":24,"column":null}}]},"4":{"loc":{"start":{"line":29,"column":6},"end":{"line":31,"column":null}},"type":"if","locations":[{"start":{"line":29,"column":6},"end":{"line":31,"column":null}},{"start":{"line":29,"column":6},"end":{"line":31,"column":null}}]}},"s":{"0":1,"1":1,"2":1,"3":10,"4":10,"5":19,"6":19,"7":1,"8":18,"9":18,"10":1,"11":17,"12":33,"13":66,"14":33,"15":33,"16":33,"17":1,"18":32,"19":16,"20":1},"f":{"0":10,"1":19,"2":33,"3":66},"b":{"0":[1,18],"1":[19,18],"2":[1,18],"3":[1,17],"4":[1,32]}}
,"/home/dmitry-kazakov/projects/dk/file-generator/src/plugins/theme/generateTheme.ts": {"path":"/home/dmitry-kazakov/projects/dk/file-generator/src/plugins/theme/generateTheme.ts","statementMap":{"0":{"start":{"line":1,"column":0},"end":{"line":1,"column":20}},"1":{"start":{"line":2,"column":0},"end":{"line":2,"column":24}},"2":{"start":{"line":4,"column":0},"end":{"line":4,"column":26}},"3":{"start":{"line":6,"column":0},"end":{"line":6,"column":48}},"4":{"start":{"line":7,"column":0},"end":{"line":7,"column":70}},"5":{"start":{"line":8,"column":0},"end":{"line":8,"column":55}},"6":{"start":{"line":12,"column":0},"end":{"line":12,"column":50}},"7":{"start":{"line":14,"column":13},"end":{"line":14,"column":34}},"8":{"start":{"line":16,"column":29},"end":{"line":16,"column":79}},"9":{"start":{"line":18,"column":74},"end":{"line":55,"column":1}},"10":{"start":{"line":19,"column":33},"end":{"line":19,"column":40}},"11":{"start":{"line":26,"column":17},"end":{"line":28,"column":19}},"12":{"start":{"line":27,"column":34},"end":{"line":27,"column":36}},"13":{"start":{"line":27,"column":41},"end":{"line":27,"column":92}},"14":{"start":{"line":27,"column":73},"end":{"line":27,"column":91}},"15":{"start":{"line":30,"column":2},"end":{"line":30,"column":32}},"16":{"start":{"line":30,"column":22},"end":{"line":30,"column":32}},"17":{"start":{"line":32,"column":2},"end":{"line":32,"column":65}},"18":{"start":{"line":32,"column":49},"end":{"line":32,"column":51}},"19":{"start":{"line":32,"column":56},"end":{"line":32,"column":61}},"20":{"start":{"line":34,"column":43},"end":{"line":34,"column":45}},"21":{"start":{"line":36,"column":2},"end":{"line":52,"column":5}},"22":{"start":{"line":36,"column":24},"end":{"line":36,"column":26}},"23":{"start":{"line":36,"column":36},"end":{"line":36,"column":38}},"24":{"start":{"line":36,"column":52},"end":{"line":36,"column":54}},"25":{"start":{"line":37,"column":42},"end":{"line":37,"column":65}},"26":{"start":{"line":39,"column":21},"end":{"line":39,"column":56}},"27":{"start":{"line":40,"column":19},"end":{"line":40,"column":43}},"28":{"start":{"line":41,"column":20},"end":{"line":41,"column":67}},"29":{"start":{"line":42,"column":28},"end":{"line":42,"column":71}},"30":{"start":{"line":44,"column":4},"end":{"line":51,"column":null}},"31":{"start":{"line":45,"column":6},"end":{"line":45,"column":37}},"32":{"start":{"line":47,"column":6},"end":{"line":50,"column":null}},"33":{"start":{"line":49,"column":8},"end":{"line":49,"column":96}},"34":{"start":{"line":54,"column":2},"end":{"line":54,"column":23}},"35":{"start":{"line":18,"column":13},"end":{"line":18,"column":74}}},"fnMap":{"0":{"name":"(anonymous_1)","decl":{"start":{"line":18,"column":74},"end":{"line":18,"column":75}},"loc":{"start":{"line":18,"column":81},"end":{"line":55,"column":1}}},"1":{"name":"(anonymous_2)","decl":{"start":{"line":27,"column":27},"end":{"line":27,"column":28}},"loc":{"start":{"line":27,"column":36},"end":{"line":27,"column":53}}},"2":{"name":"(anonymous_3)","decl":{"start":{"line":27,"column":59},"end":{"line":27,"column":60}},"loc":{"start":{"line":27,"column":68},"end":{"line":27,"column":81}}},"3":{"name":"(anonymous_4)","decl":{"start":{"line":32,"column":42},"end":{"line":32,"column":43}},"loc":{"start":{"line":32,"column":51},"end":{"line":32,"column":60}}},"4":{"name":"(anonymous_5)","decl":{"start":{"line":36,"column":17},"end":{"line":36,"column":18}},"loc":{"start":{"line":36,"column":54},"end":{"line":52,"column":3}}}},"branchMap":{"0":{"loc":{"start":{"line":26,"column":17},"end":{"line":28,"column":19}},"type":"cond-expr","locations":[{"start":{"line":27,"column":6},"end":{"line":27,"column":92}},{"start":{"line":28,"column":6},"end":{"line":28,"column":19}}]},"1":{"loc":{"start":{"line":30,"column":2},"end":{"line":30,"column":32}},"type":"if","locations":[{"start":{"line":30,"column":2},"end":{"line":30,"column":32}},{"start":{"line":30,"column":2},"end":{"line":30,"column":32}}]},"2":{"loc":{"start":{"line":44,"column":4},"end":{"line":51,"column":null}},"type":"if","locations":[{"start":{"line":44,"column":4},"end":{"line":51,"column":null}},{"start":{"line":44,"column":4},"end":{"line":51,"column":null}}]},"3":{"loc":{"start":{"line":47,"column":6},"end":{"line":50,"column":null}},"type":"if","locations":[{"start":{"line":47,"column":6},"end":{"line":50,"column":null}},{"start":{"line":47,"column":6},"end":{"line":50,"column":null}}]}},"s":{"0":1,"1":1,"2":1,"3":1,"4":1,"5":1,"6":1,"7":1,"8":1,"9":1,"10":10,"11":5,"12":2,"13":2,"14":1,"15":5,"16":1,"17":4,"18":4,"19":4,"20":3,"21":3,"22":3,"23":3,"24":3,"25":3,"26":3,"27":3,"28":3,"29":3,"30":3,"31":3,"32":3,"33":1,"34":3,"35":1},"f":{"0":5,"1":2,"2":1,"3":4,"4":3},"b":{"0":[2,3],"1":[1,4],"2":[3,0],"3":[1,2]}}
,"/home/dmitry-kazakov/projects/dk/file-generator/src/plugins/theme/index.ts": {"path":"/home/dmitry-kazakov/projects/dk/file-generator/src/plugins/theme/index.ts","statementMap":{"0":{"start":{"line":1,"column":0},"end":{"line":1,"column":9}},"1":{"start":{"line":1,"column":9},"end":{"line":1,"column":24}},"2":{"start":{"line":1,"column":24},"end":{"line":1,"column":60}}},"fnMap":{"0":{"name":"(anonymous_0)","decl":{"start":{"line":1,"column":9},"end":{"line":1,"column":22}},"loc":{"start":{"line":1,"column":9},"end":{"line":1,"column":24}}},"1":{"name":"(anonymous_1)","decl":{"start":{"line":1,"column":24},"end":{"line":1,"column":34}},"loc":{"start":{"line":1,"column":24},"end":{"line":1,"column":60}}}},"branchMap":{},"s":{"0":1,"1":7,"2":2},"f":{"0":6,"1":1},"b":{}}
,"/home/dmitry-kazakov/projects/dk/file-generator/src/plugins/theme/splitCssToThemeStrings.ts": {"path":"/home/dmitry-kazakov/projects/dk/file-generator/src/plugins/theme/splitCssToThemeStrings.ts","statementMap":{"0":{"start":{"line":1,"column":0},"end":{"line":1,"column":38}},"1":{"start":{"line":5,"column":19},"end":{"line":5,"column":32}},"2":{"start":{"line":7,"column":49},"end":{"line":7,"column":73}},"3":{"start":{"line":8,"column":17},"end":{"line":8,"column":43}},"4":{"start":{"line":10,"column":2},"end":{"line":12,"column":null}},"5":{"start":{"line":11,"column":4},"end":{"line":11,"column":67}},"6":{"start":{"line":14,"column":2},"end":{"line":14,"column":16}},"7":{"start":{"line":7,"column":0},"end":{"line":7,"column":16}}},"fnMap":{"0":{"name":"splitCssToThemeStrings","decl":{"start":{"line":7,"column":16},"end":{"line":7,"column":38}},"loc":{"start":{"line":7,"column":73},"end":{"line":15,"column":1}}}},"branchMap":{"0":{"loc":{"start":{"line":10,"column":2},"end":{"line":12,"column":null}},"type":"if","locations":[{"start":{"line":10,"column":2},"end":{"line":12,"column":null}},{"start":{"line":10,"column":2},"end":{"line":12,"column":null}}]}},"s":{"0":1,"1":1,"2":11,"3":11,"4":11,"5":1,"6":10,"7":1},"f":{"0":11},"b":{"0":[1,10]}}
,"/home/dmitry-kazakov/projects/dk/file-generator/src/plugins/validators/generateValidators.ts": {"path":"/home/dmitry-kazakov/projects/dk/file-generator/src/plugins/validators/generateValidators.ts","statementMap":{"0":{"start":{"line":1,"column":0},"end":{"line":1,"column":20}},"1":{"start":{"line":2,"column":0},"end":{"line":2,"column":24}},"2":{"start":{"line":4,"column":0},"end":{"line":4,"column":26}},"3":{"start":{"line":6,"column":0},"end":{"line":6,"column":48}},"4":{"start":{"line":7,"column":0},"end":{"line":7,"column":41}},"5":{"start":{"line":8,"column":0},"end":{"line":8,"column":70}},"6":{"start":{"line":9,"column":0},"end":{"line":9,"column":70}},"7":{"start":{"line":11,"column":0},"end":{"line":11,"column":57}},"8":{"start":{"line":13,"column":0},"end":{"line":13,"column":78}},"9":{"start":{"line":16,"column":13},"end":{"line":16,"column":39}},"10":{"start":{"line":18,"column":29},"end":{"line":18,"column":79}},"11":{"start":{"line":20,"column":84},"end":{"line":115,"column":1}},"12":{"start":{"line":21,"column":33},"end":{"line":21,"column":40}},"13":{"start":{"line":31,"column":17},"end":{"line":50,"column":19}},"14":{"start":{"line":32,"column":36},"end":{"line":32,"column":38}},"15":{"start":{"line":32,"column":51},"end":{"line":32,"column":53}},"16":{"start":{"line":32,"column":72},"end":{"line":32,"column":74}},"17":{"start":{"line":33,"column":8},"end":{"line":48,"column":null}},"18":{"start":{"line":34,"column":27},"end":{"line":34,"column":52}},"19":{"start":{"line":35,"column":37},"end":{"line":35,"column":62}},"20":{"start":{"line":37,"column":10},"end":{"line":43,"column":null}},"21":{"start":{"line":38,"column":35},"end":{"line":38,"column":69}},"22":{"start":{"line":40,"column":12},"end":{"line":40,"column":76}},"23":{"start":{"line":40,"column":32},"end":{"line":40,"column":76}},"24":{"start":{"line":42,"column":12},"end":{"line":42,"column":94}},"25":{"start":{"line":45,"column":10},"end":{"line":45,"column":56}},"26":{"start":{"line":45,"column":30},"end":{"line":45,"column":56}},"27":{"start":{"line":47,"column":10},"end":{"line":47,"column":72}},"28":{"start":{"line":52,"column":2},"end":{"line":52,"column":32}},"29":{"start":{"line":52,"column":22},"end":{"line":52,"column":32}},"30":{"start":{"line":54,"column":2},"end":{"line":54,"column":69}},"31":{"start":{"line":54,"column":51},"end":{"line":54,"column":53}},"32":{"start":{"line":54,"column":58},"end":{"line":54,"column":65}},"33":{"start":{"line":56,"column":43},"end":{"line":56,"column":45}},"34":{"start":{"line":58,"column":2},"end":{"line":112,"column":4}},"35":{"start":{"line":59,"column":13},"end":{"line":59,"column":15}},"36":{"start":{"line":59,"column":27},"end":{"line":59,"column":29}},"37":{"start":{"line":59,"column":44},"end":{"line":59,"column":46}},"38":{"start":{"line":59,"column":65},"end":{"line":59,"column":67}},"39":{"start":{"line":59,"column":81},"end":{"line":59,"column":83}},"40":{"start":{"line":60,"column":61},"end":{"line":63,"column":8}},"41":{"start":{"line":60,"column":34},"end":{"line":60,"column":43}},"42":{"start":{"line":60,"column":56},"end":{"line":60,"column":61}},"43":{"start":{"line":65,"column":30},"end":{"line":65,"column":78}},"44":{"start":{"line":67,"column":6},"end":{"line":83,"column":9}},"45":{"start":{"line":68,"column":22},"end":{"line":68,"column":42}},"46":{"start":{"line":69,"column":8},"end":{"line":69,"column":64}},"47":{"start":{"line":71,"column":25},"end":{"line":71,"column":85}},"48":{"start":{"line":73,"column":37},"end":{"line":73,"column":68}},"49":{"start":{"line":75,"column":8},"end":{"line":82,"column":null}},"50":{"start":{"line":76,"column":10},"end":{"line":76,"column":39}},"51":{"start":{"line":78,"column":10},"end":{"line":81,"column":null}},"52":{"start":{"line":80,"column":12},"end":{"line":80,"column":98}},"53":{"start":{"line":90,"column":29},"end":{"line":93,"column":8}},"54":{"start":{"line":95,"column":6},"end":{"line":110,"column":9}},"55":{"start":{"line":96,"column":8},"end":{"line":96,"column":60}},"56":{"start":{"line":96,"column":53},"end":{"line":96,"column":60}},"57":{"start":{"line":98,"column":32},"end":{"line":98,"column":59}},"58":{"start":{"line":100,"column":8},"end":{"line":100,"column":39}},"59":{"start":{"line":102,"column":8},"end":{"line":102,"column":44}},"60":{"start":{"line":104,"column":8},"end":{"line":109,"column":null}},"61":{"start":{"line":106,"column":10},"end":{"line":108,"column":12}},"62":{"start":{"line":114,"column":2},"end":{"line":114,"column":23}},"63":{"start":{"line":20,"column":13},"end":{"line":20,"column":84}}},"fnMap":{"0":{"name":"(anonymous_1)","decl":{"start":{"line":20,"column":84},"end":{"line":20,"column":85}},"loc":{"start":{"line":20,"column":91},"end":{"line":115,"column":1}}},"1":{"name":"(anonymous_2)","decl":{"start":{"line":32,"column":27},"end":{"line":32,"column":28}},"loc":{"start":{"line":32,"column":74},"end":{"line":33,"column":20}}},"2":{"name":"(anonymous_3)","decl":{"start":{"line":33,"column":26},"end":{"line":33,"column":27}},"loc":{"start":{"line":33,"column":35},"end":{"line":48,"column":9}}},"3":{"name":"(anonymous_4)","decl":{"start":{"line":54,"column":42},"end":{"line":54,"column":43}},"loc":{"start":{"line":54,"column":53},"end":{"line":54,"column":64}}},"4":{"name":"(anonymous_5)","decl":{"start":{"line":59,"column":4},"end":{"line":59,"column":5}},"loc":{"start":{"line":59,"column":83},"end":{"line":111,"column":5}}},"5":{"name":"(anonymous_6)","decl":{"start":{"line":67,"column":37},"end":{"line":67,"column":38}},"loc":{"start":{"line":67,"column":44},"end":{"line":83,"column":7}}},"6":{"name":"(anonymous_7)","decl":{"start":{"line":95,"column":35},"end":{"line":95,"column":36}},"loc":{"start":{"line":95,"column":58},"end":{"line":110,"column":7}}}},"branchMap":{"0":{"loc":{"start":{"line":31,"column":17},"end":{"line":50,"column":19}},"type":"cond-expr","locations":[{"start":{"line":32,"column":6},"end":{"line":48,"column":null}},{"start":{"line":50,"column":6},"end":{"line":50,"column":19}}]},"1":{"loc":{"start":{"line":37,"column":10},"end":{"line":43,"column":null}},"type":"if","locations":[{"start":{"line":37,"column":10},"end":{"line":43,"column":null}},{"start":{"line":37,"column":10},"end":{"line":43,"column":null}}]},"2":{"loc":{"start":{"line":40,"column":12},"end":{"line":40,"column":76}},"type":"if","locations":[{"start":{"line":40,"column":12},"end":{"line":40,"column":76}},{"start":{"line":40,"column":12},"end":{"line":40,"column":76}}]},"3":{"loc":{"start":{"line":40,"column":39},"end":{"line":40,"column":75}},"type":"binary-expr","locations":[{"start":{"line":40,"column":39},"end":{"line":40,"column":57}},{"start":{"line":40,"column":61},"end":{"line":40,"column":75}}]},"4":{"loc":{"start":{"line":42,"column":19},"end":{"line":42,"column":93}},"type":"binary-expr","locations":[{"start":{"line":42,"column":20},"end":{"line":42,"column":38}},{"start":{"line":42,"column":42},"end":{"line":42,"column":56}},{"start":{"line":42,"column":61},"end":{"line":42,"column":93}}]},"5":{"loc":{"start":{"line":45,"column":10},"end":{"line":45,"column":56}},"type":"if","locations":[{"start":{"line":45,"column":10},"end":{"line":45,"column":56}},{"start":{"line":45,"column":10},"end":{"line":45,"column":56}}]},"6":{"loc":{"start":{"line":47,"column":17},"end":{"line":47,"column":71}},"type":"binary-expr","locations":[{"start":{"line":47,"column":17},"end":{"line":47,"column":35}},{"start":{"line":47,"column":39},"end":{"line":47,"column":71}}]},"7":{"loc":{"start":{"line":52,"column":2},"end":{"line":52,"column":32}},"type":"if","locations":[{"start":{"line":52,"column":2},"end":{"line":52,"column":32}},{"start":{"line":52,"column":2},"end":{"line":52,"column":32}}]},"8":{"loc":{"start":{"line":68,"column":22},"end":{"line":68,"column":42}},"type":"binary-expr","locations":[{"start":{"line":68,"column":22},"end":{"line":68,"column":36}},{"start":{"line":68,"column":40},"end":{"line":68,"column":42}}]},"9":{"loc":{"start":{"line":75,"column":8},"end":{"line":82,"column":null}},"type":"if","locations":[{"start":{"line":75,"column":8},"end":{"line":82,"column":null}},{"start":{"line":75,"column":8},"end":{"line":82,"column":null}}]},"10":{"loc":{"start":{"line":78,"column":10},"end":{"line":81,"column":null}},"type":"if","locations":[{"start":{"line":78,"column":10},"end":{"line":81,"column":null}},{"start":{"line":78,"column":10},"end":{"line":81,"column":null}}]},"11":{"loc":{"start":{"line":96,"column":8},"end":{"line":96,"column":60}},"type":"if","locations":[{"start":{"line":96,"column":8},"end":{"line":96,"column":60}},{"start":{"line":96,"column":8},"end":{"line":96,"column":60}}]},"12":{"loc":{"start":{"line":104,"column":8},"end":{"line":109,"column":null}},"type":"if","locations":[{"start":{"line":104,"column":8},"end":{"line":109,"column":null}},{"start":{"line":104,"column":8},"end":{"line":109,"column":null}}]}},"s":{"0":1,"1":1,"2":1,"3":1,"4":1,"5":1,"6":1,"7":1,"8":1,"9":1,"10":1,"11":1,"12":16,"13":8,"14":3,"15":3,"16":3,"17":3,"18":2,"19":2,"20":2,"21":0,"22":0,"23":0,"24":0,"25":2,"26":1,"27":1,"28":8,"29":1,"30":7,"31":7,"32":7,"33":7,"34":7,"35":7,"36":7,"37":7,"38":7,"39":7,"40":7,"41":7,"42":7,"43":7,"44":7,"45":13,"46":13,"47":13,"48":13,"49":13,"50":12,"51":12,"52":2,"53":7,"54":7,"55":14,"56":13,"57":1,"58":1,"59":1,"60":1,"61":1,"62":7,"63":1},"f":{"0":8,"1":3,"2":2,"3":7,"4":7,"5":13,"6":14},"b":{"0":[3,5],"1":[0,2],"2":[0,0],"3":[0,0],"4":[0,0,0],"5":[1,1],"6":[1,1],"7":[1,7],"8":[13,11],"9":[12,1],"10":[2,10],"11":[13,1],"12":[1,0]}}
,"/home/dmitry-kazakov/projects/dk/file-generator/src/plugins/validators/index.ts": {"path":"/home/dmitry-kazakov/projects/dk/file-generator/src/plugins/validators/index.ts","statementMap":{"0":{"start":{"line":1,"column":0},"end":{"line":1,"column":9}},"1":{"start":{"line":1,"column":9},"end":{"line":1,"column":29}},"2":{"start":{"line":1,"column":29},"end":{"line":1,"column":70}}},"fnMap":{"0":{"name":"(anonymous_0)","decl":{"start":{"line":1,"column":9},"end":{"line":1,"column":27}},"loc":{"start":{"line":1,"column":9},"end":{"line":1,"column":29}}},"1":{"name":"(anonymous_1)","decl":{"start":{"line":1,"column":29},"end":{"line":1,"column":39}},"loc":{"start":{"line":1,"column":29},"end":{"line":1,"column":70}}}},"branchMap":{},"s":{"0":1,"1":10,"2":2},"f":{"0":9,"1":1},"b":{}}
,"/home/dmitry-kazakov/projects/dk/file-generator/src/plugins/validators/removeDuplicatedDeclarations.ts": {"path":"/home/dmitry-kazakov/projects/dk/file-generator/src/plugins/validators/removeDuplicatedDeclarations.ts","statementMap":{"0":{"start":{"line":4,"column":17},"end":{"line":4,"column":20}},"1":{"start":{"line":5,"column":31},"end":{"line":5,"column":33}},"2":{"start":{"line":8,"column":2},"end":{"line":14,"column":5}},"3":{"start":{"line":9,"column":4},"end":{"line":13,"column":null}},"4":{"start":{"line":10,"column":6},"end":{"line":10,"column":59}},"5":{"start":{"line":12,"column":6},"end":{"line":12,"column":32}},"6":{"start":{"line":16,"column":22},"end":{"line":16,"column":73}},"7":{"start":{"line":18,"column":12},"end":{"line":18,"column":49}},"8":{"start":{"line":19,"column":2},"end":{"line":19,"column":65}},"9":{"start":{"line":19,"column":36},"end":{"line":19,"column":64}},"10":{"start":{"line":21,"column":2},"end":{"line":21,"column":59}},"11":{"start":{"line":22,"column":2},"end":{"line":22,"column":50}},"12":{"start":{"line":24,"column":2},"end":{"line":24,"column":18}},"13":{"start":{"line":3,"column":0},"end":{"line":3,"column":16}}},"fnMap":{"0":{"name":"removeDuplicatedDeclarations","decl":{"start":{"line":3,"column":16},"end":{"line":3,"column":44}},"loc":{"start":{"line":3,"column":56},"end":{"line":25,"column":1}}},"1":{"name":"(anonymous_1)","decl":{"start":{"line":8,"column":48},"end":{"line":8,"column":49}},"loc":{"start":{"line":8,"column":62},"end":{"line":14,"column":3}}},"2":{"name":"(anonymous_2)","decl":{"start":{"line":19,"column":19},"end":{"line":19,"column":20}},"loc":{"start":{"line":19,"column":31},"end":{"line":19,"column":39}}}},"branchMap":{"0":{"loc":{"start":{"line":9,"column":4},"end":{"line":13,"column":null}},"type":"if","locations":[{"start":{"line":9,"column":4},"end":{"line":13,"column":null}},{"start":{"line":9,"column":4},"end":{"line":13,"column":null}}]}},"s":{"0":13,"1":13,"2":13,"3":64,"4":6,"5":58,"6":13,"7":13,"8":13,"9":90,"10":13,"11":13,"12":13,"13":1},"f":{"0":13,"1":64,"2":90},"b":{"0":[6,58]}}
,"/home/dmitry-kazakov/projects/dk/file-generator/src/utils/arrayDifference.ts": {"path":"/home/dmitry-kazakov/projects/dk/file-generator/src/utils/arrayDifference.ts","statementMap":{"0":{"start":{"line":2,"column":2},"end":{"line":2,"column":99}},"1":{"start":{"line":2,"column":29},"end":{"line":2,"column":49}},"2":{"start":{"line":2,"column":78},"end":{"line":2,"column":97}},"3":{"start":{"line":1,"column":0},"end":{"line":1,"column":16}}},"fnMap":{"0":{"name":"arrayDifference","decl":{"start":{"line":1,"column":16},"end":{"line":1,"column":31}},"loc":{"start":{"line":1,"column":75},"end":{"line":3,"column":1}}},"1":{"name":"(anonymous_1)","decl":{"start":{"line":2,"column":22},"end":{"line":2,"column":23}},"loc":{"start":{"line":2,"column":24},"end":{"line":2,"column":30}}},"2":{"name":"(anonymous_2)","decl":{"start":{"line":2,"column":71},"end":{"line":2,"column":72}},"loc":{"start":{"line":2,"column":73},"end":{"line":2,"column":79}}}},"branchMap":{},"s":{"0":13,"1":24,"2":25,"3":1},"f":{"0":13,"1":24,"2":25},"b":{}}
,"/home/dmitry-kazakov/projects/dk/file-generator/src/utils/checkFilesExistence.ts": {"path":"/home/dmitry-kazakov/projects/dk/file-generator/src/utils/checkFilesExistence.ts","statementMap":{"0":{"start":{"line":1,"column":0},"end":{"line":1,"column":20}},"1":{"start":{"line":3,"column":0},"end":{"line":3,"column":35}},"2":{"start":{"line":5,"column":43},"end":{"line":5,"column":71}},"3":{"start":{"line":6,"column":2},"end":{"line":8,"column":5}},"4":{"start":{"line":7,"column":4},"end":{"line":7,"column":96}},"5":{"start":{"line":7,"column":34},"end":{"line":7,"column":96}},"6":{"start":{"line":5,"column":0},"end":{"line":5,"column":16}}},"fnMap":{"0":{"name":"checkFilesExistence","decl":{"start":{"line":5,"column":16},"end":{"line":5,"column":35}},"loc":{"start":{"line":5,"column":71},"end":{"line":9,"column":1}}},"1":{"name":"(anonymous_2)","decl":{"start":{"line":6,"column":16},"end":{"line":6,"column":17}},"loc":{"start":{"line":6,"column":25},"end":{"line":8,"column":3}}}},"branchMap":{"0":{"loc":{"start":{"line":7,"column":4},"end":{"line":7,"column":96}},"type":"if","locations":[{"start":{"line":7,"column":4},"end":{"line":7,"column":96}},{"start":{"line":7,"column":4},"end":{"line":7,"column":96}}]}},"s":{"0":1,"1":1,"2":26,"3":26,"4":27,"5":2,"6":1},"f":{"0":26,"1":27},"b":{"0":[2,25]}}
,"/home/dmitry-kazakov/projects/dk/file-generator/src/utils/generateComparisonMatrix.ts": {"path":"/home/dmitry-kazakov/projects/dk/file-generator/src/utils/generateComparisonMatrix.ts","statementMap":{"0":{"start":{"line":4,"column":2},"end":{"line":4,"column":34}},"1":{"start":{"line":4,"column":24},"end":{"line":4,"column":34}},"2":{"start":{"line":5,"column":2},"end":{"line":5,"column":40}},"3":{"start":{"line":5,"column":24},"end":{"line":5,"column":40}},"4":{"start":{"line":7,"column":2},"end":{"line":17,"column":33}},"5":{"start":{"line":8,"column":24},"end":{"line":8,"column":26}},"6":{"start":{"line":10,"column":4},"end":{"line":12,"column":null}},"7":{"start":{"line":10,"column":25},"end":{"line":10,"column":34}},"8":{"start":{"line":11,"column":6},"end":{"line":11,"column":34}},"9":{"start":{"line":14,"column":4},"end":{"line":14,"column":72}},"10":{"start":{"line":14,"column":39},"end":{"line":14,"column":71}},"11":{"start":{"line":16,"column":4},"end":{"line":16,"column":18}},"12":{"start":{"line":3,"column":0},"end":{"line":3,"column":16}}},"fnMap":{"0":{"name":"generateComparisonMatrix","decl":{"start":{"line":3,"column":16},"end":{"line":3,"column":40}},"loc":{"start":{"line":3,"column":56},"end":{"line":18,"column":1}}},"1":{"name":"(anonymous_1)","decl":{"start":{"line":7,"column":20},"end":{"line":7,"column":21}},"loc":{"start":{"line":7,"column":40},"end":{"line":17,"column":3}}},"2":{"name":"(anonymous_2)","decl":{"start":{"line":14,"column":24},"end":{"line":14,"column":25}},"loc":{"start":{"line":14,"column":34},"end":{"line":14,"column":45}}}},"branchMap":{"0":{"loc":{"start":{"line":4,"column":2},"end":{"line":4,"column":34}},"type":"if","locations":[{"start":{"line":4,"column":2},"end":{"line":4,"column":34}},{"start":{"line":4,"column":2},"end":{"line":4,"column":34}}]},"1":{"loc":{"start":{"line":5,"column":2},"end":{"line":5,"column":40}},"type":"if","locations":[{"start":{"line":5,"column":2},"end":{"line":5,"column":40}},{"start":{"line":5,"column":2},"end":{"line":5,"column":40}}]}},"s":{"0":13,"1":1,"2":12,"3":1,"4":11,"5":30,"6":30,"7":30,"8":31,"9":30,"10":31,"11":30,"12":1},"f":{"0":13,"1":30,"2":31},"b":{"0":[1,12],"1":[1,11]}}
,"/home/dmitry-kazakov/projects/dk/file-generator/src/utils/getFilteredChildren.ts": {"path":"/home/dmitry-kazakov/projects/dk/file-generator/src/utils/getFilteredChildren.ts","statementMap":{"0":{"start":{"line":1,"column":0},"end":{"line":1,"column":20}},"1":{"start":{"line":2,"column":0},"end":{"line":2,"column":24}},"2":{"start":{"line":7,"column":8},"end":{"line":7,"column":null}},"3":{"start":{"line":8,"column":9},"end":{"line":8,"column":null}},"4":{"start":{"line":9,"column":18},"end":{"line":9,"column":null}},"5":{"start":{"line":15,"column":28},"end":{"line":15,"column":50}},"6":{"start":{"line":17,"column":34},"end":{"line":18,"column":null}},"7":{"start":{"line":18,"column":18},"end":{"line":18,"column":null}},"8":{"start":{"line":21,"column":2},"end":{"line":25,"column":null}},"9":{"start":{"line":22,"column":4},"end":{"line":24,"column":6}},"10":{"start":{"line":23,"column":6},"end":{"line":23,"column":null}},"11":{"start":{"line":32,"column":2},"end":{"line":32,"column":91}},"12":{"start":{"line":32,"column":43},"end":{"line":32,"column":90}},"13":{"start":{"line":34,"column":2},"end":{"line":37,"column":4}},"14":{"start":{"line":35,"column":55},"end":{"line":35,"column":86}},"15":{"start":{"line":6,"column":0},"end":{"line":6,"column":16}}},"fnMap":{"0":{"name":"getFilteredChildren","decl":{"start":{"line":6,"column":16},"end":{"line":6,"column":35}},"loc":{"start":{"line":14,"column":1},"end":{"line":38,"column":1}}},"1":{"name":"(anonymous_2)","decl":{"start":{"line":18,"column":4},"end":{"line":18,"column":5}},"loc":{"start":{"line":18,"column":13},"end":{"line":18,"column":19}}},"2":{"name":"(anonymous_3)","decl":{"start":{"line":22,"column":65},"end":{"line":22,"column":66}},"loc":{"start":{"line":22,"column":74},"end":{"line":23,"column":13}}},"3":{"name":"(anonymous_4)","decl":{"start":{"line":32,"column":33},"end":{"line":32,"column":34}},"loc":{"start":{"line":32,"column":38},"end":{"line":32,"column":44}}},"4":{"name":"(anonymous_5)","decl":{"start":{"line":35,"column":41},"end":{"line":35,"column":42}},"loc":{"start":{"line":35,"column":50},"end":{"line":35,"column":59}}}},"branchMap":{"0":{"loc":{"start":{"line":21,"column":2},"end":{"line":25,"column":null}},"type":"if","locations":[{"start":{"line":21,"column":2},"end":{"line":25,"column":null}},{"start":{"line":21,"column":2},"end":{"line":25,"column":null}}]}},"s":{"0":1,"1":1,"2":41,"3":41,"4":41,"5":41,"6":41,"7":154,"8":41,"9":8,"10":35,"11":41,"12":76,"13":41,"14":117,"15":1},"f":{"0":41,"1":154,"2":35,"3":76,"4":117},"b":{"0":[8,33]}}
,"/home/dmitry-kazakov/projects/dk/file-generator/src/utils/getTimeDelta.ts": {"path":"/home/dmitry-kazakov/projects/dk/file-generator/src/utils/getTimeDelta.ts","statementMap":{"0":{"start":{"line":2,"column":27},"end":{"line":2,"column":28}},"1":{"start":{"line":3,"column":23},"end":{"line":3,"column":27}},"2":{"start":{"line":5,"column":2},"end":{"line":5,"column":68}},"3":{"start":{"line":1,"column":0},"end":{"line":1,"column":16}}},"fnMap":{"0":{"name":"getTimeDelta","decl":{"start":{"line":1,"column":16},"end":{"line":1,"column":28}},"loc":{"start":{"line":1,"column":57},"end":{"line":6,"column":1}}}},"branchMap":{},"s":{"0":3,"1":3,"2":3,"3":1},"f":{"0":3},"b":{}}
,"/home/dmitry-kazakov/projects/dk/file-generator/src/utils/saveFile.ts": {"path":"/home/dmitry-kazakov/projects/dk/file-generator/src/utils/saveFile.ts","statementMap":{"0":{"start":{"line":1,"column":0},"end":{"line":1,"column":20}},"1":{"start":{"line":3,"column":0},"end":{"line":3,"column":31}},"2":{"start":{"line":5,"column":0},"end":{"line":5,"column":40}},"3":{"start":{"line":8,"column":32},"end":{"line":8,"column":39}},"4":{"start":{"line":15,"column":25},"end":{"line":15,"column":97}},"5":{"start":{"line":17,"column":2},"end":{"line":17,"column":47}},"6":{"start":{"line":17,"column":34},"end":{"line":17,"column":47}},"7":{"start":{"line":19,"column":2},"end":{"line":19,"column":58}},"8":{"start":{"line":21,"column":2},"end":{"line":21,"column":14}},"9":{"start":{"line":7,"column":0},"end":{"line":7,"column":16}}},"fnMap":{"0":{"name":"saveFile","decl":{"start":{"line":7,"column":16},"end":{"line":7,"column":24}},"loc":{"start":{"line":7,"column":70},"end":{"line":22,"column":1}}}},"branchMap":{"0":{"loc":{"start":{"line":15,"column":25},"end":{"line":15,"column":97}},"type":"cond-expr","locations":[{"start":{"line":15,"column":51},"end":{"line":15,"column":90}},{"start":{"line":15,"column":93},"end":{"line":15,"column":97}}]},"1":{"loc":{"start":{"line":17,"column":2},"end":{"line":17,"column":47}},"type":"if","locations":[{"start":{"line":17,"column":2},"end":{"line":17,"column":47}},{"start":{"line":17,"column":2},"end":{"line":17,"column":47}}]}},"s":{"0":1,"1":1,"2":1,"3":84,"4":42,"5":42,"6":6,"7":36,"8":36,"9":1},"f":{"0":42},"b":{"0":[8,34],"1":[6,36]}}
}
